<?xml version="1.0" encoding="UTF-8"?>
<coverage generated="1622224038931" clover="3.2.0">
  <project timestamp="1622224038931" name="All files">
    <metrics statements="17" coveredstatements="17" conditionals="6" coveredconditionals="6" methods="1" coveredmethods="1" elements="24" coveredelements="24" complexity="0" loc="17" ncloc="17" packages="1" files="1" classes="1"/>
    <file name="c2id.ts" path="/home/mathieu/Documents/csquare.ai/c2id/src/c2id.ts">
      <metrics statements="17" coveredstatements="17" conditionals="6" coveredconditionals="6" methods="1" coveredmethods="1"/>
      <line num="1" count="1" type="stmt"/>
      <line num="2" count="1" type="stmt"/>
      <line num="3" count="1" type="stmt"/>
      <line num="6" count="1" type="stmt"/>
      <line num="8" count="1" type="stmt"/>
      <line num="9" count="1" type="stmt"/>
      <line num="40" count="1" type="stmt"/>
      <line num="41" count="105" type="stmt"/>
      <line num="42" count="105" type="stmt"/>
      <line num="44" count="105" type="cond" truecount="2" falsecount="0"/>
      <line num="45" count="2" type="stmt"/>
      <line num="46" count="2" type="stmt"/>
      <line num="47" count="103" type="cond" truecount="4" falsecount="0"/>
      <line num="48" count="102" type="stmt"/>
      <line num="52" count="105" type="stmt"/>
      <line num="53" count="105" type="stmt"/>
      <line num="56" count="1" type="stmt"/>
    </file>
  </project>
</coverage>
