{
  "/home/mathieu/Documents/csquare.ai/c2id/src/c2id.ts": {
    "path": "/home/mathieu/Documents/csquare.ai/c2id/src/c2id.ts",
    "statementMap": {
      "0": { "start": { "line": 1, "column": 0 }, "end": { "line": 1, "column": 26 } },
      "1": { "start": { "line": 2, "column": 0 }, "end": { "line": 2, "column": 32 } },
      "2": { "start": { "line": 3, "column": 0 }, "end": { "line": 3, "column": 57 } },
      "3": { "start": { "line": 6, "column": 17 }, "end": { "line": 6, "column": 81 } },
      "4": { "start": { "line": 8, "column": 15 }, "end": { "line": 8, "column": 36 } },
      "5": { "start": { "line": 9, "column": 23 }, "end": { "line": 9, "column": 25 } },
      "6": { "start": { "line": 41, "column": 15 }, "end": { "line": 41, "column": 29 } },
      "7": { "start": { "line": 42, "column": 42 }, "end": { "line": 42, "column": 51 } },
      "8": { "start": { "line": 44, "column": 2 }, "end": { "line": 49, "column": null } },
      "9": { "start": { "line": 45, "column": 4 }, "end": { "line": 45, "column": 26 } },
      "10": { "start": { "line": 46, "column": 4 }, "end": { "line": 46, "column": 21 } },
      "11": { "start": { "line": 47, "column": 9 }, "end": { "line": 49, "column": null } },
      "12": { "start": { "line": 48, "column": 4 }, "end": { "line": 48, "column": 24 } },
      "13": { "start": { "line": 52, "column": 16 }, "end": { "line": 52, "column": 49 } },
      "14": { "start": { "line": 53, "column": 2 }, "end": { "line": 53, "column": 44 } },
      "15": { "start": { "line": 40, "column": 0 }, "end": { "line": 40, "column": 16 } },
      "16": { "start": { "line": 56, "column": 0 }, "end": { "line": 56, "column": 20 } }
    },
    "fnMap": {
      "0": {
        "name": "c2id",
        "decl": { "start": { "line": 40, "column": 16 }, "end": { "line": 40, "column": 20 } },
        "loc": { "start": { "line": 40, "column": 89 }, "end": { "line": 54, "column": 1 } }
      }
    },
    "branchMap": {
      "0": {
        "loc": { "start": { "line": 44, "column": 2 }, "end": { "line": 49, "column": null } },
        "type": "if",
        "locations": [
          { "start": { "line": 44, "column": 2 }, "end": { "line": 49, "column": null } },
          { "start": { "line": 44, "column": 2 }, "end": { "line": 49, "column": null } }
        ]
      },
      "1": {
        "loc": { "start": { "line": 47, "column": 9 }, "end": { "line": 49, "column": null } },
        "type": "if",
        "locations": [
          { "start": { "line": 47, "column": 9 }, "end": { "line": 49, "column": null } },
          { "start": { "line": 47, "column": 9 }, "end": { "line": 49, "column": null } }
        ]
      },
      "2": {
        "loc": { "start": { "line": 47, "column": 13 }, "end": { "line": 47, "column": 45 } },
        "type": "binary-expr",
        "locations": [
          { "start": { "line": 47, "column": 13 }, "end": { "line": 47, "column": 45 } },
          { "start": { "line": 47, "column": 49 }, "end": { "line": 47, "column": 79 } }
        ]
      }
    },
    "s": {
      "0": 1,
      "1": 1,
      "2": 1,
      "3": 1,
      "4": 1,
      "5": 1,
      "6": 105,
      "7": 105,
      "8": 105,
      "9": 2,
      "10": 2,
      "11": 103,
      "12": 102,
      "13": 105,
      "14": 105,
      "15": 1,
      "16": 1
    },
    "f": { "0": 105 },
    "b": { "0": [2, 103], "1": [102, 1], "2": [103, 102] }
  }
}
